unityLibrary/mobilenotifications.androidlib/build/intermediates/manifest_merge_blame_file/debug/manifest-merger-blame-debug-report.txt
1<?xml version="1.0" encoding="utf-8"?>
2<manifest xmlns:android="http://schemas.android.com/apk/res/android"
3    package="com.example.androidNotification" >
4
5    <uses-sdk android:minSdkVersion="22" />
6
7    <uses-permission android:name="android.permission.POST_NOTIFICATIONS" />
7-->src/main/AndroidManifest.xml:12:3-75
7-->src/main/AndroidManifest.xml:12:20-72
8    <uses-permission android:name="android.permission.RECEIVE_BOOT_COMPLETED" />
8-->src/main/AndroidManifest.xml:13:3-79
8-->src/main/AndroidManifest.xml:13:20-76
9    <uses-permission android:name="android.permission.SCHEDULE_EXACT_ALARM" />
9-->src/main/AndroidManifest.xml:14:3-77
9-->src/main/AndroidManifest.xml:14:20-74
10
11    <application>
11-->src/main/AndroidManifest.xml:2:3-11:17
12        <receiver
12-->src/main/AndroidManifest.xml:3:5-113
13            android:name="com.unity.androidnotifications.UnityNotificationManager"
13-->src/main/AndroidManifest.xml:3:15-85
14            android:exported="false" />
14-->src/main/AndroidManifest.xml:3:86-110
15        <receiver
15-->src/main/AndroidManifest.xml:4:5-8:16
16            android:name="com.unity.androidnotifications.UnityNotificationRestartReceiver"
16-->src/main/AndroidManifest.xml:4:15-93
17            android:enabled="false"
17-->src/main/AndroidManifest.xml:4:94-117
18            android:exported="false" >
18-->src/main/AndroidManifest.xml:4:118-142
19            <intent-filter>
19-->src/main/AndroidManifest.xml:5:7-7:23
20                <action android:name="android.intent.action.BOOT_COMPLETED" />
20-->src/main/AndroidManifest.xml:6:9-71
20-->src/main/AndroidManifest.xml:6:17-68
21            </intent-filter>
22        </receiver>
23
24        <meta-data
24-->src/main/AndroidManifest.xml:9:5-90
25            android:name="reschedule_notifications_on_restart"
25-->src/main/AndroidManifest.xml:9:16-66
26            android:value="true" />
26-->src/main/AndroidManifest.xml:9:67-87
27        <meta-data
27-->src/main/AndroidManifest.xml:10:5-99
28            android:name="com.unity.androidnotifications.exact_scheduling"
28-->src/main/AndroidManifest.xml:10:16-78
29            android:value="0" />
29-->src/main/AndroidManifest.xml:10:79-96
30    </application>
31
32</manifest>